<?xml version="1.0" encoding="UTF-8"?>
<!-- Generated by org.testng.reporters.JUnitReportReporter -->
<testsuite hostname="eu049121" name="com.Automation_Framework.frameworkengine.ContactForm" tests="1" failures="0" timestamp="14 Dec 2015 19:26:21 GMT" time="10.489" errors="0">
  <testcase name="test" time="10.489" classname="com.Automation_Framework.frameworkengine.ContactForm"/>
</testsuite> <!-- com.Automation_Framework.frameworkengine.ContactForm -->
