<?xml version="1.0" encoding="UTF-8"?>
<!-- Generated by org.testng.reporters.JUnitReportReporter -->
<testsuite hostname="eu049121" name="com.Automation_Framework.frameworkengine.Init" tests="2" failures="0" timestamp="5 Jan 2016 06:55:11 GMT" time="479.646" errors="0">
  <testcase name="allLinks" time="477.780" classname="com.Automation_Framework.frameworkengine.Init"/>
  <testcase name="screenShot" time="1.866" classname="com.Automation_Framework.frameworkengine.Init"/>
</testsuite> <!-- com.Automation_Framework.frameworkengine.Init -->
