<?xml version="1.0" encoding="UTF-8"?>
<!-- Generated by org.testng.reporters.JUnitReportReporter -->
<testsuite hostname="eu049121" name="com.Automation_Framework.testcases.ContactForm" tests="1" failures="0" timestamp="5 Jan 2016 06:55:11 GMT" time="11.294" errors="0">
  <testcase name="test" time="11.294" classname="com.Automation_Framework.testcases.ContactForm"/>
</testsuite> <!-- com.Automation_Framework.testcases.ContactForm -->
